zsh: command not found: 0
zsh: command not found: 0
zsh: command not found: 0
Traceback (most recent call last):
  File "/Users/aruka/PycharmProjects/MediaVector/get_token.py", line 1, in <module>
    import requests
ModuleNotFoundError: No module named 'requests'
Traceback (most recent call last):
  File "/Users/aruka/PycharmProjects/MediaVector/get_token.py", line 1, in <module>
    import requests
ModuleNotFoundError: No module named 'requests'
Traceback (most recent call last):
  File "/Users/aruka/PycharmProjects/MediaVector/get_token.py", line 1, in <module>
    import requests
ModuleNotFoundError: No module named 'requests'
Traceback (most recent call last):
  File "/Users/aruka/PycharmProjects/MediaVector/get_token.py", line 1, in <module>
    import requests
ModuleNotFoundError: No module named 'requests'
Traceback (most recent call last):
  File "/Users/aruka/PycharmProjects/MediaVector/get_token.py", line 1, in <module>
    import requests
ModuleNotFoundError: No module named 'requests'
